<?xml version="1.0" encoding="UTF-8"?>
<!-- Generated by org.testng.reporters.JUnitReportReporter -->
<testsuite hostname="GENEVIEVE" failures="0" tests="1" name="examples.LogTests" time="0.040" errors="0" timestamp="2024-10-21T13:02:09 EDT" skipped="0">
  <testcase classname="examples.LogTests" name="test1" time="0.040"/>
  <system-out/>
</testsuite> <!-- examples.LogTests -->
